<?xml version="1.0" encoding="UTF-8"?>
<!-- Generated by org.testng.reporters.JUnitXMLReporter -->
<testsuite ignored="0" hostname="DESKTOP-7SJ24SJ" failures="0" tests="5" name="testSuite.TestInteractWithInputAndButtonFieldsSuite" time="26.229" errors="0" timestamp="2024-05-21T13:19:54 EEST">
  <testcase classname="testSuite.TestInteractWithInputAndButtonFieldsSuite" name="interactWithButtonPage" time="6.602"/>
  <testcase classname="testSuite.TestInteractWithInputAndButtonFieldsSuite" name="interactWithinputPage" time="3.61"/>
  <testcase classname="testSuite.TestInteractWithInputAndButtonFieldsSuite" name="openButtonPage" time="1.345"/>
  <testcase classname="testSuite.TestInteractWithInputAndButtonFieldsSuite" name="openInputPage" time="2.699"/>
  <testcase classname="testSuite.TestInteractWithInputAndButtonFieldsSuite" name="openLetcodePage" time="1.639"/>
</testsuite> <!-- testSuite.TestInteractWithInputAndButtonFieldsSuite -->
