<?xml version="1.0" encoding="UTF-8"?>
<!-- Generated by org.testng.reporters.JUnitXMLReporter -->
<testsuite ignored="0" hostname="DESKTOP-7SJ24SJ" failures="0" tests="5" name="testSuite.TestInteractWithInputAndButtonFieldsSuite" time="21.628" errors="0" timestamp="2024-05-21T13:32:46 EEST">
  <testcase classname="testSuite.TestInteractWithInputAndButtonFieldsSuite" name="interactWithButtonPage" time="5.472"/>
  <testcase classname="testSuite.TestInteractWithInputAndButtonFieldsSuite" name="interactWithinputPage" time="3.063"/>
  <testcase classname="testSuite.TestInteractWithInputAndButtonFieldsSuite" name="openButtonPage" time="2.178"/>
  <testcase classname="testSuite.TestInteractWithInputAndButtonFieldsSuite" name="openInputPage" time="1.648"/>
  <testcase classname="testSuite.TestInteractWithInputAndButtonFieldsSuite" name="openLetcodePage" time="1.54"/>
</testsuite> <!-- testSuite.TestInteractWithInputAndButtonFieldsSuite -->
