<?xml version="1.0" encoding="UTF-8"?>
<!-- Generated by org.testng.reporters.JUnitXMLReporter -->
<testsuite ignored="0" hostname="DESKTOP-7SJ24SJ" failures="0" tests="4" name="testSuite.TestInteractWithFramesAndIframeFieldsSuite" time="20.645" errors="0" timestamp="2024-05-21T13:33:36 EEST">
  <testcase classname="testSuite.TestInteractWithFramesAndIframeFieldsSuite" name="openFramePage" time="3.454"/>
  <testcase classname="testSuite.TestInteractWithFramesAndIframeFieldsSuite" name="openRadioCheckboxPage" time="1.499"/>
  <testcase classname="testSuite.TestInteractWithFramesAndIframeFieldsSuite" name="testingFramePage" time="2.978"/>
  <testcase classname="testSuite.TestInteractWithFramesAndIframeFieldsSuite" name="testingRadioCheckboxPage" time="1.664"/>
</testsuite> <!-- testSuite.TestInteractWithFramesAndIframeFieldsSuite -->
