<?xml version="1.0" encoding="UTF-8"?>
<!-- Generated by org.testng.reporters.JUnitXMLReporter -->
<testsuite ignored="0" hostname="DESKTOP-7SJ24SJ" failures="0" tests="5" name="testSuite.TestInteractWithSelectAndAlertFieldsSuite" time="20.922" errors="0" timestamp="2024-05-21T13:20:15 EEST">
  <testcase classname="testSuite.TestInteractWithSelectAndAlertFieldsSuite" name="openDialogPage" time="2.535"/>
  <testcase classname="testSuite.TestInteractWithSelectAndAlertFieldsSuite" name="openLetcodePage" time="2.351"/>
  <testcase classname="testSuite.TestInteractWithSelectAndAlertFieldsSuite" name="openSelectPage" time="1.222"/>
  <testcase classname="testSuite.TestInteractWithSelectAndAlertFieldsSuite" name="testingAlertPage" time="2.407"/>
  <testcase classname="testSuite.TestInteractWithSelectAndAlertFieldsSuite" name="testingDropdownPage" time="6.478"/>
</testsuite> <!-- testSuite.TestInteractWithSelectAndAlertFieldsSuite -->
