<?xml version="1.0" encoding="UTF-8"?>
<!-- Generated by org.testng.reporters.JUnitXMLReporter -->
<testsuite ignored="0" hostname="DESKTOP-7SJ24SJ" failures="0" tests="5" name="SelenideTest" time="26.697" errors="0" timestamp="2024-05-21T12:37:52 EEST">
  <testcase classname="testSuite.TestInteractWithInputAndButtonFieldsSuite" name="interactWithButtonPage" time="5.885"/>
  <testcase classname="testSuite.TestInteractWithInputAndButtonFieldsSuite" name="interactWithinputPage" time="3.621"/>
  <testcase classname="testSuite.TestInteractWithInputAndButtonFieldsSuite" name="openButtonPage" time="2.631"/>
  <testcase classname="testSuite.TestInteractWithInputAndButtonFieldsSuite" name="openInputPage" time="2.281"/>
  <testcase classname="testSuite.TestInteractWithInputAndButtonFieldsSuite" name="openLetcodePage" time="1.749"/>
</testsuite> <!-- SelenideTest -->
