<?xml version="1.0" encoding="UTF-8"?>
<!-- Generated by org.testng.reporters.JUnitXMLReporter -->
<testsuite ignored="0" hostname="DESKTOP-7SJ24SJ" failures="0" tests="5" name="Command line test" time="2.583" errors="0" timestamp="2024-04-26T16:18:14 EEST">
  <testcase classname="BaseTest.BaseTest" name="@BeforeMethod setUp" time="2.343">
    <failure type="java.lang.NoSuchMethodError" message="org.openqa.selenium.devtools.CdpEndpointFinder.getHttpClient(Lorg/openqa/selenium/remote/http/HttpClient$Factory;Ljava/net/URI;)Lorg/openqa/selenium/remote/http/HttpClient;">
      <![CDATA[java.lang.NoSuchMethodError: org.openqa.selenium.devtools.CdpEndpointFinder.getHttpClient(Lorg/openqa/selenium/remote/http/HttpClient$Factory;Ljava/net/URI;)Lorg/openqa/selenium/remote/http/HttpClient;
at org.openqa.selenium.chromium.ChromiumDriver.lambda$new$2(ChromiumDriver.java:139)
at java.base/java.util.Optional.map(Optional.java:265)
at org.openqa.selenium.chromium.ChromiumDriver.<init>(ChromiumDriver.java:139)
at org.openqa.selenium.chrome.ChromeDriver.<init>(ChromeDriver.java:88)
at org.openqa.selenium.chrome.ChromeDriver.<init>(ChromeDriver.java:83)
at com.codeborne.selenide.webdriver.ChromeDriverFactory.create(ChromeDriverFactory.java:34)
at com.codeborne.selenide.webdriver.WebDriverFactory.createWebDriverInstance(WebDriverFactory.java:120)
at com.codeborne.selenide.webdriver.WebDriverFactory.createWebDriver(WebDriverFactory.java:67)
at com.codeborne.selenide.drivercommands.CreateDriverCommand.lambda$createDriver$0(CreateDriverCommand.java:76)
at com.codeborne.selenide.logevents.SelenideLogger.wrap(SelenideLogger.java:133)
at com.codeborne.selenide.logevents.SelenideLogger.get(SelenideLogger.java:113)
at com.codeborne.selenide.drivercommands.CreateDriverCommand.createDriver(CreateDriverCommand.java:52)
at com.codeborne.selenide.impl.WebDriverThreadLocalContainer.createDriver(WebDriverThreadLocalContainer.java:205)
at com.codeborne.selenide.impl.WebDriverThreadLocalContainer.createAndRegisterDriver(WebDriverThreadLocalContainer.java:190)
at com.codeborne.selenide.impl.WebDriverThreadLocalContainer.getAndCheckWebDriver(WebDriverThreadLocalContainer.java:152)
at com.codeborne.selenide.WebDriverRunner.getAndCheckWebDriver(WebDriverRunner.java:130)
at com.codeborne.selenide.impl.StaticDriver.getAndCheckWebDriver(StaticDriver.java:65)
at com.codeborne.selenide.SelenideDriver.getAndCheckWebDriver(SelenideDriver.java:223)
at com.codeborne.selenide.drivercommands.Navigator.lambda$navigateTo$0(Navigator.java:71)
at com.codeborne.selenide.logevents.SelenideLogger.lambda$run$0(SelenideLogger.java:105)
at com.codeborne.selenide.logevents.SelenideLogger.wrap(SelenideLogger.java:133)
at com.codeborne.selenide.logevents.SelenideLogger.run(SelenideLogger.java:104)
at com.codeborne.selenide.drivercommands.Navigator.navigateTo(Navigator.java:69)
at com.codeborne.selenide.drivercommands.Navigator.open(Navigator.java:32)
at com.codeborne.selenide.SelenideDriver.open(SelenideDriver.java:102)
at com.codeborne.selenide.Selenide.open(Selenide.java:53)
at BaseTest.BaseTest.setUp(BaseTest.java:22)
at java.base/java.util.ArrayList.forEach(ArrayList.java:1541)
at java.base/java.util.concurrent.ThreadPoolExecutor.runWorker(ThreadPoolExecutor.java:1128)
at java.base/java.util.concurrent.ThreadPoolExecutor$Worker.run(ThreadPoolExecutor.java:628)
at java.base/java.lang.Thread.run(Thread.java:834)
... Removed 24 stack frames]]>
    </failure>
  </testcase> <!-- @BeforeMethod setUp -->
  <testcase classname="BaseTest.BaseTest" name="@AfterMethod tearDown" time="-1.714137494324E9">
    <skipped/>
  </testcase> <!-- @AfterMethod tearDown -->
  <testcase classname="BaseTest.BaseTest" name="@BeforeMethod setUp" time="-1.714137494326E9">
    <skipped/>
  </testcase> <!-- @BeforeMethod setUp -->
  <testcase classname="BaseTest.BaseTest" name="@AfterMethod tearDown" time="-1.714137494333E9">
    <skipped/>
  </testcase> <!-- @AfterMethod tearDown -->
  <testcase classname="BaseTest.BaseTest" name="@BeforeMethod setUp" time="-1.714137494335E9">
    <skipped/>
  </testcase> <!-- @BeforeMethod setUp -->
  <testcase classname="BaseTest.BaseTest" name="@AfterMethod tearDown" time="-1.71413749434E9">
    <skipped/>
  </testcase> <!-- @AfterMethod tearDown -->
  <testcase classname="BaseTest.BaseTest" name="@BeforeMethod setUp" time="-1.714137494344E9">
    <skipped/>
  </testcase> <!-- @BeforeMethod setUp -->
  <testcase classname="BaseTest.BaseTest" name="@AfterMethod tearDown" time="-1.71413749435E9">
    <skipped/>
  </testcase> <!-- @AfterMethod tearDown -->
  <testcase classname="BaseTest.BaseTest" name="@BeforeMethod setUp" time="-1.714137494351E9">
    <skipped/>
  </testcase> <!-- @BeforeMethod setUp -->
  <testcase classname="BaseTest.BaseTest" name="@AfterMethod tearDown" time="-1.714137494359E9">
    <skipped/>
  </testcase> <!-- @AfterMethod tearDown -->
  <testcase classname="com.testSuite.TestInteractWithInputAndButtonFieldsSuite" name="openLetcodePage" time="0.0">
    <skipped/>
  </testcase> <!-- openLetcodePage -->
  <testcase classname="com.testSuite.TestInteractWithInputAndButtonFieldsSuite" name="openInputPage" time="0.0">
    <skipped/>
  </testcase> <!-- openInputPage -->
  <testcase classname="com.testSuite.TestInteractWithInputAndButtonFieldsSuite" name="openButtonPage" time="0.0">
    <skipped/>
  </testcase> <!-- openButtonPage -->
  <testcase classname="com.testSuite.TestInteractWithInputAndButtonFieldsSuite" name="openSelectPage" time="0.0">
    <skipped/>
  </testcase> <!-- openSelectPage -->
  <testcase classname="com.testSuite.TestInteractWithInputAndButtonFieldsSuite" name="openDialogPage" time="0.0">
    <skipped/>
  </testcase> <!-- openDialogPage -->
</testsuite> <!-- Command line test -->
